# JRE version: OpenJDK Runtime Environment (11.0.11+9) (build 11.0.11+9-b60-7590822)
# Java VM: OpenJDK 64-Bit Server VM (11.0.11+9-b60-7590822, mixed mode, tiered, compressed oops, g1 gc, windows-amd64)
Heap:
 garbage-first heap   total 382976K, used 355078K [0x00000000e0000000, 0x0000000100000000)
  region size 1024K, 166 young (169984K), 7 survivors (7168K)
 Metaspace       used 131839K, capacity 136331K, committed 137036K, reserved 374784K
  class space    used 15626K, capacity 17263K, committed 17484K, reserved 253952K
GC Heap History (20 events):
Event: 8622.053 GC heap before
{Heap before GC invocations=936 (full 0):
 garbage-first heap   total 382976K, used 192738K [0x00000000e0000000, 0x0000000100000000)
  region size 1024K, 72 young (73728K), 2 survivors (2048K)
 Metaspace       used 131740K, capacity 136206K, committed 137036K, reserved 374784K
  class space    used 15622K, capacity 17255K, committed 17484K, reserved 253952K
}
Event: 8622.063 GC heap after
{Heap after GC invocations=937 (full 0):
 garbage-first heap   total 382976K, used 123060K [0x00000000e0000000, 0x0000000100000000)
  region size 1024K, 2 young (2048K), 2 survivors (2048K)
 Metaspace       used 131740K, capacity 136206K, committed 137036K, reserved 374784K
  class space    used 15622K, capacity 17255K, committed 17484K, reserved 253952K
}
Event: 8691.832 GC heap before
{Heap before GC invocations=938 (full 0):
 garbage-first heap   total 382976K, used 368820K [0x00000000e0000000, 0x0000000100000000)
  region size 1024K, 181 young (185344K), 2 survivors (2048K)
 Metaspace       used 131750K, capacity 136215K, committed 137036K, reserved 374784K
  class space    used 15623K, capacity 17257K, committed 17484K, reserved 253952K
}
Event: 8691.847 GC heap after
{Heap after GC invocations=939 (full 0):
 garbage-first heap   total 382976K, used 130774K [0x00000000e0000000, 0x0000000100000000)
  region size 1024K, 11 young (11264K), 11 survivors (11264K)
 Metaspace       used 131750K, capacity 136215K, committed 137036K, reserved 374784K
  class space    used 15623K, capacity 17257K, committed 17484K, reserved 253952K
}
Event: 8691.855 GC heap before
{Heap before GC invocations=939 (full 0):
 garbage-first heap   total 382976K, used 136918K [0x00000000e0000000, 0x0000000100000000)
  region size 1024K, 18 young (18432K), 11 survivors (11264K)
 Metaspace       used 131750K, capacity 136215K, committed 137036K, reserved 374784K
  class space    used 15623K, capacity 17257K, committed 17484K, reserved 253952K
}
Event: 8691.869 GC heap after
{Heap after GC invocations=940 (full 0):
 garbage-first heap   total 382976K, used 132511K [0x00000000e0000000, 0x0000000100000000)
  region size 1024K, 3 young (3072K), 3 survivors (3072K)
 Metaspace       used 131750K, capacity 136215K, committed 137036K, reserved 374784K
  class space    used 15623K, capacity 17257K, committed 17484K, reserved 253952K
}
Event: 8692.045 GC heap before
{Heap before GC invocations=940 (full 0):
 garbage-first heap   total 382976K, used 217503K [0x00000000e0000000, 0x0000000100000000)
  region size 1024K, 88 young (90112K), 3 survivors (3072K)
 Metaspace       used 131768K, capacity 136221K, committed 137036K, reserved 374784K
  class space    used 15624K, capacity 17259K, committed 17484K, reserved 253952K
}
Event: 8692.059 GC heap after
{Heap after GC invocations=941 (full 0):
 garbage-first heap   total 382976K, used 135583K [0x00000000e0000000, 0x0000000100000000)
  region size 1024K, 6 young (6144K), 6 survivors (6144K)
 Metaspace       used 131768K, capacity 136221K, committed 137036K, reserved 374784K
  class space    used 15624K, capacity 17259K, committed 17484K, reserved 253952K
}
Event: 8712.567 GC heap before
{Heap before GC invocations=942 (full 0):
 garbage-first heap   total 382976K, used 343455K [0x00000000e0000000, 0x0000000100000000)
  region size 1024K, 147 young (150528K), 6 survivors (6144K)
 Metaspace       used 131809K, capacity 136313K, committed 137036K, reserved 374784K
  class space    used 15625K, capacity 17260K, committed 17484K, reserved 253952K
}
Event: 8712.581 GC heap after
{Heap after GC invocations=943 (full 0):
 garbage-first heap   total 382976K, used 139457K [0x00000000e0000000, 0x0000000100000000)
  region size 1024K, 10 young (10240K), 10 survivors (10240K)
 Metaspace       used 131809K, capacity 136313K, committed 137036K, reserved 374784K
  class space    used 15625K, capacity 17260K, committed 17484K, reserved 253952K
}
Event: 8712.598 GC heap before
{Heap before GC invocations=943 (full 0):
 garbage-first heap   total 382976K, used 147649K [0x00000000e0000000, 0x0000000100000000)
  region size 1024K, 18 young (18432K), 10 survivors (10240K)
 Metaspace       used 131809K, capacity 136313K, committed 137036K, reserved 374784K
  class space    used 15625K, capacity 17260K, committed 17484K, reserved 253952K
}
Event: 8712.616 GC heap after
{Heap after GC invocations=944 (full 0):
 garbage-first heap   total 382976K, used 125580K [0x00000000e0000000, 0x0000000100000000)
  region size 1024K, 2 young (2048K), 2 survivors (2048K)
 Metaspace       used 131809K, capacity 136313K, committed 137036K, reserved 374784K
  class space    used 15625K, capacity 17260K, committed 17484K, reserved 253952K
}
Event: 8714.562 GC heap before
{Heap before GC invocations=944 (full 0):
 garbage-first heap   total 382976K, used 246412K [0x00000000e0000000, 0x0000000100000000)
  region size 1024K, 122 young (124928K), 2 survivors (2048K)
 Metaspace       used 131812K, capacity 136313K, committed 137036K, reserved 374784K
  class space    used 15625K, capacity 17260K, committed 17484K, reserved 253952K
}
Event: 8714.577 GC heap after
{Heap after GC invocations=945 (full 0):
 garbage-first heap   total 382976K, used 131307K [0x00000000e0000000, 0x0000000100000000)
  region size 1024K, 7 young (7168K), 7 survivors (7168K)
 Metaspace       used 131812K, capacity 136313K, committed 137036K, reserved 374784K
  class space    used 15625K, capacity 17260K, committed 17484K, reserved 253952K
}
Event: 8732.708 GC heap before
{Heap before GC invocations=946 (full 0):
 garbage-first heap   total 382976K, used 350443K [0x00000000e0000000, 0x0000000100000000)
  region size 1024K, 160 young (163840K), 7 survivors (7168K)
 Metaspace       used 131830K, capacity 136325K, committed 137036K, reserved 374784K
  class space    used 15626K, capacity 17262K, committed 17484K, reserved 253952K
}
Event: 8732.726 GC heap after
{Heap after GC invocations=947 (full 0):
 garbage-first heap   total 382976K, used 132611K [0x00000000e0000000, 0x0000000100000000)
  region size 1024K, 10 young (10240K), 10 survivors (10240K)
 Metaspace       used 131830K, capacity 136325K, committed 137036K, reserved 374784K
  class space    used 15626K, capacity 17262K, committed 17484K, reserved 253952K
}
Event: 8732.753 GC heap before
{Heap before GC invocations=947 (full 0):
 garbage-first heap   total 382976K, used 140803K [0x00000000e0000000, 0x0000000100000000)
  region size 1024K, 18 young (18432K), 10 survivors (10240K)
 Metaspace       used 131830K, capacity 136325K, committed 137036K, reserved 374784K
  class space    used 15626K, capacity 17262K, committed 17484K, reserved 253952K
}
Event: 8732.776 GC heap after
{Heap after GC invocations=948 (full 0):
 garbage-first heap   total 382976K, used 123983K [0x00000000e0000000, 0x0000000100000000)
  region size 1024K, 1 young (1024K), 1 survivors (1024K)
 Metaspace       used 131830K, capacity 136325K, committed 137036K, reserved 374784K
  class space    used 15626K, capacity 17262K, committed 17484K, reserved 253952K
}
Event: 8734.942 GC heap before
{Heap before GC invocations=948 (full 0):
 garbage-first heap   total 382976K, used 230479K [0x00000000e0000000, 0x0000000100000000)
  region size 1024K, 107 young (109568K), 1 survivors (1024K)
 Metaspace       used 131831K, capacity 136325K, committed 137036K, reserved 374784K
  class space    used 15626K, capacity 17262K, committed 17484K, reserved 253952K
}
Event: 8734.958 GC heap after
{Heap after GC invocations=949 (full 0):
 garbage-first heap   total 382976K, used 129798K [0x00000000e0000000, 0x0000000100000000)
  region size 1024K, 7 young (7168K), 7 survivors (7168K)
 Metaspace       used 131831K, capacity 136325K, committed 137036K, reserved 374784K
  class space    used 15626K, capacity 17262K, committed 17484K, reserved 253952K
}

